Determining if the pthread_create exist failed with the following output:
Change Dir: /home/ivona/FER/Projekt/pink/CMakeFiles/CMakeTmp

Run Build Command:"/usr/bin/make" "cmTC_a1995/fast"
/usr/bin/make -f CMakeFiles/cmTC_a1995.dir/build.make CMakeFiles/cmTC_a1995.dir/build
make[1]: Entering directory '/home/ivona/FER/Projekt/pink/CMakeFiles/CMakeTmp'
Building C object CMakeFiles/cmTC_a1995.dir/CheckSymbolExists.c.o
/usr/bin/cc    -o CMakeFiles/cmTC_a1995.dir/CheckSymbolExists.c.o   -c /home/ivona/FER/Projekt/pink/CMakeFiles/CMakeTmp/CheckSymbolExists.c
Linking C executable cmTC_a1995
/usr/bin/cmake -E cmake_link_script CMakeFiles/cmTC_a1995.dir/link.txt --verbose=1
/usr/bin/cc      -rdynamic CMakeFiles/cmTC_a1995.dir/CheckSymbolExists.c.o  -o cmTC_a1995 
CMakeFiles/cmTC_a1995.dir/CheckSymbolExists.c.o: In function `main':
CheckSymbolExists.c:(.text+0x1b): undefined reference to `pthread_create'
collect2: error: ld returned 1 exit status
CMakeFiles/cmTC_a1995.dir/build.make:97: recipe for target 'cmTC_a1995' failed
make[1]: *** [cmTC_a1995] Error 1
make[1]: Leaving directory '/home/ivona/FER/Projekt/pink/CMakeFiles/CMakeTmp'
Makefile:126: recipe for target 'cmTC_a1995/fast' failed
make: *** [cmTC_a1995/fast] Error 2

File /home/ivona/FER/Projekt/pink/CMakeFiles/CMakeTmp/CheckSymbolExists.c:
/* */
#include <pthread.h>

int main(int argc, char** argv)
{
  (void)argv;
#ifndef pthread_create
  return ((int*)(&pthread_create))[argc];
#else
  (void)argc;
  return 0;
#endif
}

Determining if the function pthread_create exists in the pthreads failed with the following output:
Change Dir: /home/ivona/FER/Projekt/pink/CMakeFiles/CMakeTmp

Run Build Command:"/usr/bin/make" "cmTC_fa4dc/fast"
/usr/bin/make -f CMakeFiles/cmTC_fa4dc.dir/build.make CMakeFiles/cmTC_fa4dc.dir/build
make[1]: Entering directory '/home/ivona/FER/Projekt/pink/CMakeFiles/CMakeTmp'
Building C object CMakeFiles/cmTC_fa4dc.dir/CheckFunctionExists.c.o
/usr/bin/cc   -DCHECK_FUNCTION_EXISTS=pthread_create   -o CMakeFiles/cmTC_fa4dc.dir/CheckFunctionExists.c.o   -c /usr/share/cmake-3.10/Modules/CheckFunctionExists.c
Linking C executable cmTC_fa4dc
/usr/bin/cmake -E cmake_link_script CMakeFiles/cmTC_fa4dc.dir/link.txt --verbose=1
/usr/bin/cc  -DCHECK_FUNCTION_EXISTS=pthread_create    -rdynamic CMakeFiles/cmTC_fa4dc.dir/CheckFunctionExists.c.o  -o cmTC_fa4dc -lpthreads 
/usr/bin/ld: cannot find -lpthreads
collect2: error: ld returned 1 exit status
CMakeFiles/cmTC_fa4dc.dir/build.make:97: recipe for target 'cmTC_fa4dc' failed
make[1]: *** [cmTC_fa4dc] Error 1
make[1]: Leaving directory '/home/ivona/FER/Projekt/pink/CMakeFiles/CMakeTmp'
Makefile:126: recipe for target 'cmTC_fa4dc/fast' failed
make: *** [cmTC_fa4dc/fast] Error 2


